python : Creating test database 
for alias 'default'...
At line:1 char:1
+ python manage.py test 
insights 2>&1 | Out-File 
-FilePath "test_output ...
+ ~~~~~~~~~~~~~~~~~~~~~~~~~~~~~~
~~~~~
    + CategoryInfo          : N 
   otSpecified: (Creating test  
   d...as 'default'...:String   
 ) [], RemoteException
    + FullyQualifiedErrorId : N 
   ativeCommandError
 

INFO 2026-01-01 11:29:30,258 
notifications_utils Sent 
notification ('suggested an 
edit to your post') to author
INFO 2026-01-01 11:29:31,707 
signals Notification sent to  
for edit suggestion
.INFO 2026-01-01 11:29:43,267 
notifications_utils Sent 
notification ('suggested an 
edit to your post') to author
INFO 2026-01-01 11:29:43,270 
signals Notification sent to  
for edit suggestion
.FFFF.....FFFFFFFFEEF
================================
================================
======
ERROR: test_insight_list_search 
(insights.tests.InsightViewTests
.test_insight_list_search)
Test searching insights.
--------------------------------
--------------------------------
------
Traceback (most recent call 
last):
  File "C:\Users\nwoki\Desktop\i
gbo-archives-platform\insights\t
ests.py", line 195, in 
test_insight_list_search
    insight_titles = [i.title 
for i in 
response.context['posts']]
                                
       ~~~~~~~~~~~~~~~~^^^^^^^^^
TypeError: 'NoneType' object is 
not subscriptable

================================
================================
======
ERROR: test_insight_list_shows_p
ublished_only (insights.tests.In
sightViewTests.test_insight_list
_shows_published_only)
Test that list only shows 
published and approved insights.
--------------------------------
--------------------------------
------
Traceback (most recent call 
last):
  File "C:\Users\nwoki\Desktop\i
gbo-archives-platform\insights\t
ests.py", line 179, in test_insi
ght_list_shows_published_only
    insight_titles = [i.title 
for i in 
response.context['posts']]
                                
       ~~~~~~~~~~~~~~~~^^^^^^^^^
TypeError: 'NoneType' object is 
not subscriptable

================================
================================
======
FAIL: 
test_empty_suggestion_rejected (
insights.tests.EditSuggestionVie
wTests.test_empty_suggestion_rej
ected)
Test that empty suggestions are 
rejected.
--------------------------------
--------------------------------
------
Traceback (most recent call 
last):
  File "C:\Users\nwoki\Desktop\i
gbo-archives-platform\insights\t
ests.py", line 359, in 
test_empty_suggestion_rejected
    self.assertEqual(response.st
atus_code, 200)  # Stays on page
    ~~~~~~~~~~~~~~~~^^^^^^^^^^^^
^^^^^^^^^^^^^^^
AssertionError: 301 != 200

================================
================================
======
FAIL: test_submit_suggestion (in
sights.tests.EditSuggestionViewT
ests.test_submit_suggestion)
Test submitting an edit 
suggestion.
--------------------------------
--------------------------------
------
Traceback (most recent call 
last):
  File "C:\Users\nwoki\Desktop\i
gbo-archives-platform\insights\t
ests.py", line 345, in 
test_submit_suggestion
    self.assertEqual(response.st
atus_code, 302)
    ~~~~~~~~~~~~~~~~^^^^^^^^^^^^
^^^^^^^^^^^^^^^
AssertionError: 301 != 302

================================
================================
======
FAIL: test_suggest_edit_requires
_login (insights.tests.EditSugge
stionViewTests.test_suggest_edit
_requires_login)
Test that suggesting edits 
requires authentication.
--------------------------------
--------------------------------
------
Traceback (most recent call 
last):
  File "C:\Users\nwoki\Desktop\i
gbo-archives-platform\insights\t
ests.py", line 325, in 
test_suggest_edit_requires_login
    self.assertEqual(response.st
atus_code, 302)
    ~~~~~~~~~~~~~~~~^^^^^^^^^^^^
^^^^^^^^^^^^^^^
AssertionError: 301 != 302

================================
================================
======
FAIL: 
test_suggest_edit_view_loads (in
sights.tests.EditSuggestionViewT
ests.test_suggest_edit_view_load
s)
Test suggest edit view loads 
for authenticated users.
--------------------------------
--------------------------------
------
Traceback (most recent call 
last):
  File "C:\Users\nwoki\Desktop\i
gbo-archives-platform\insights\t
ests.py", line 334, in 
test_suggest_edit_view_loads
    self.assertEqual(response.st
atus_code, 200)
    ~~~~~~~~~~~~~~~~^^^^^^^^^^^^
^^^^^^^^^^^^^^^
AssertionError: 301 != 200

================================
================================
======
FAIL: 
test_insight_create_as_draft (in
sights.tests.InsightViewTests.te
st_insight_create_as_draft)
Test creating an insight as 
draft.
--------------------------------
--------------------------------
------
Traceback (most recent call 
last):
  File "C:\Users\nwoki\Desktop\i
gbo-archives-platform\insights\t
ests.py", line 249, in 
test_insight_create_as_draft
    self.assertEqual(response.st
atus_code, 302)  # Redirect on 
success
    ~~~~~~~~~~~~~~~~^^^^^^^^^^^^
^^^^^^^^^^^^^^^
AssertionError: 301 != 302

================================
================================
======
FAIL: test_insight_create_requir
es_login (insights.tests.Insight
ViewTests.test_insight_create_re
quires_login)
Test that creating insights 
requires authentication.
--------------------------------
--------------------------------
------
Traceback (most recent call 
last):
  File "C:\Users\nwoki\Desktop\i
gbo-archives-platform\insights\t
ests.py", line 224, in test_insi
ght_create_requires_login
    self.assertEqual(response.st
atus_code, 302)
    ~~~~~~~~~~~~~~~~^^^^^^^^^^^^
^^^^^^^^^^^^^^^
AssertionError: 301 != 302

================================
================================
======
FAIL: test_insight_create_submit
_for_approval (insights.tests.In
sightViewTests.test_insight_crea
te_submit_for_approval)
Test submitting an insight for 
approval.
--------------------------------
--------------------------------
------
Traceback (most recent call 
last):
  File "C:\Users\nwoki\Desktop\i
gbo-archives-platform\insights\t
ests.py", line 268, in test_insi
ght_create_submit_for_approval
    self.assertEqual(response.st
atus_code, 302)
    ~~~~~~~~~~~~~~~~^^^^^^^^^^^^
^^^^^^^^^^^^^^^
AssertionError: 301 != 302

================================
================================
======
FAIL: test_insight_create_view_l
oads_for_authenticated (insights
.tests.InsightViewTests.test_ins
ight_create_view_loads_for_authe
nticated)
Test create view loads for 
authenticated users.
--------------------------------
--------------------------------
------
Traceback (most recent call 
last):
  File "C:\Users\nwoki\Desktop\i
gbo-archives-platform\insights\t
ests.py", line 233, in test_insi
ght_create_view_loads_for_authen
ticated
    self.assertEqual(response.st
atus_code, 200)
    ~~~~~~~~~~~~~~~~^^^^^^^^^^^^
^^^^^^^^^^^^^^^
AssertionError: 301 != 200

================================
================================
======
FAIL: test_insight_detail_404_fo
r_unpublished (insights.tests.In
sightViewTests.test_insight_deta
il_404_for_unpublished)
Test that unpublished insights 
return 404.
--------------------------------
--------------------------------
------
Traceback (most recent call 
last):
  File "C:\Users\nwoki\Desktop\i
gbo-archives-platform\insights\t
ests.py", line 218, in test_insi
ght_detail_404_for_unpublished
    self.assertEqual(response.st
atus_code, 404)
    ~~~~~~~~~~~~~~~~^^^^^^^^^^^^
^^^^^^^^^^^^^^^
AssertionError: 301 != 404

================================
================================
======
FAIL: test_insight_detail_view (
insights.tests.InsightViewTests.
test_insight_detail_view)
Test insight detail page loads.
--------------------------------
--------------------------------
------
Traceback (most recent call 
last):
  File "C:\Users\nwoki\Desktop\i
gbo-archives-platform\insights\t
ests.py", line 203, in 
test_insight_detail_view
    self.assertEqual(response.st
atus_code, 200)
    ~~~~~~~~~~~~~~~~^^^^^^^^^^^^
^^^^^^^^^^^^^^^
AssertionError: 301 != 200

================================
================================
======
FAIL: 
test_insight_edit_by_author (ins
ights.tests.InsightViewTests.tes
t_insight_edit_by_author)
Test that author can access 
edit page.
--------------------------------
--------------------------------
------
Traceback (most recent call 
last):
  File "C:\Users\nwoki\Desktop\i
gbo-archives-platform\insights\t
ests.py", line 294, in 
test_insight_edit_by_author
    self.assertEqual(response.st
atus_code, 200)
    ~~~~~~~~~~~~~~~~^^^^^^^^^^^^
^^^^^^^^^^^^^^^
AssertionError: 301 != 200

================================
================================
======
FAIL: test_insight_edit_requires
_ownership (insights.tests.Insig
htViewTests.test_insight_edit_re
quires_ownership)
Test that only author can edit 
their insight.
--------------------------------
--------------------------------
------
Traceback (most recent call 
last):
  File "C:\Users\nwoki\Desktop\i
gbo-archives-platform\insights\t
ests.py", line 286, in test_insi
ght_edit_requires_ownership
    self.assertEqual(response.st
atus_code, 404)
    ~~~~~~~~~~~~~~~~^^^^^^^^^^^^
^^^^^^^^^^^^^^^
AssertionError: 301 != 404

================================
================================
======
FAIL: test_insight_list_view (in
sights.tests.InsightViewTests.te
st_insight_list_view)
Test insight list page loads.
--------------------------------
--------------------------------
------
Traceback (most recent call 
last):
  File "C:\Users\nwoki\Desktop\i
gbo-archives-platform\insights\t
ests.py", line 164, in 
test_insight_list_view
    self.assertEqual(response.st
atus_code, 200)
    ~~~~~~~~~~~~~~~~^^^^^^^^^^^^
^^^^^^^^^^^^^^^
AssertionError: 301 != 200
Found 22 test(s).
System check identified no issues (0 silenced).

--------------------------------
--------------------------------
------
Ran 22 tests in 153.585s

FAILED (failures=13, errors=2)
Destroying test database for 
alias 'default'...

